D:\C++\HEAPOFSTONES WINAPI\DEBUG\SCELETON.PCH
D:\C++\HEAPOFSTONES WINAPI\DEBUG\VC110.PDB
D:\C++\HEAPOFSTONES WINAPI\DEBUG\STDAFX.OBJ
D:\C++\HEAPOFSTONES WINAPI\DEBUG\HEAPS.OBJ
D:\C++\HEAPOFSTONES WINAPI\DEBUG\SCELETON.OBJ
D:\C++\HEAPOFSTONES WINAPI\DEBUG\SCELETON.ILK
D:\C++\HEAPOFSTONES WINAPI\DEBUG\SCELETON.EXE
D:\C++\HEAPOFSTONES WINAPI\DEBUG\SCELETON.PDB
D:\C++\HEAPOFSTONES WINAPI\DEBUG\SCELETON.RES
D:\C++\HeapOfStones winAPI\Debug\Heaps.obj
D:\C++\HeapOfStones winAPI\Debug\Sceleton.obj
D:\C++\HeapOfStones winAPI\Debug\StdAfx.obj
D:\C++\HeapOfStones winAPI\Debug\Sceleton.ilk
D:\C++\HeapOfStones winAPI\Debug\cl.command.1.tlog
D:\C++\HeapOfStones winAPI\Debug\CL.read.1.tlog
D:\C++\HeapOfStones winAPI\Debug\CL.write.1.tlog
D:\C++\HeapOfStones winAPI\Debug\link-cvtres.read.1.tlog
D:\C++\HeapOfStones winAPI\Debug\link-cvtres.write.1.tlog
D:\C++\HeapOfStones winAPI\Debug\link-rc.read.1.tlog
D:\C++\HeapOfStones winAPI\Debug\link-rc.write.1.tlog
D:\C++\HeapOfStones winAPI\Debug\link.12180-cvtres.read.1.tlog
D:\C++\HeapOfStones winAPI\Debug\link.12180-cvtres.write.1.tlog
D:\C++\HeapOfStones winAPI\Debug\link.12180-rc.read.1.tlog
D:\C++\HeapOfStones winAPI\Debug\link.12180-rc.write.1.tlog
D:\C++\HeapOfStones winAPI\Debug\link.12180.read.1.tlog
D:\C++\HeapOfStones winAPI\Debug\link.12180.write.1.tlog
D:\C++\HeapOfStones winAPI\Debug\link.3460-cvtres.read.1.tlog
D:\C++\HeapOfStones winAPI\Debug\link.3460-cvtres.write.1.tlog
D:\C++\HeapOfStones winAPI\Debug\link.3460-rc.read.1.tlog
D:\C++\HeapOfStones winAPI\Debug\link.3460-rc.write.1.tlog
D:\C++\HeapOfStones winAPI\Debug\link.3460.read.1.tlog
D:\C++\HeapOfStones winAPI\Debug\link.3460.write.1.tlog
D:\C++\HeapOfStones winAPI\Debug\link.4768-cvtres.read.1.tlog
D:\C++\HeapOfStones winAPI\Debug\link.4768-cvtres.write.1.tlog
D:\C++\HeapOfStones winAPI\Debug\link.4768-rc.read.1.tlog
D:\C++\HeapOfStones winAPI\Debug\link.4768-rc.write.1.tlog
D:\C++\HeapOfStones winAPI\Debug\link.4768.read.1.tlog
D:\C++\HeapOfStones winAPI\Debug\link.4768.write.1.tlog
D:\C++\HeapOfStones winAPI\Debug\link.command.1.tlog
D:\C++\HeapOfStones winAPI\Debug\link.read.1.tlog
D:\C++\HeapOfStones winAPI\Debug\link.write.1.tlog
D:\C++\HeapOfStones winAPI\Debug\rc.command.1.tlog
D:\C++\HeapOfStones winAPI\Debug\rc.read.1.tlog
D:\C++\HeapOfStones winAPI\Debug\rc.write.1.tlog
D:\C++\HeapOfStones winAPI\Debug\Sceleton.res
D:\C++\HeapOfStones winAPI\Debug\Sceleton.pch
D:\C++\HeapOfStones winAPI\Debug\vc110.idb
D:\C++\HeapOfStones winAPI\Debug\Sceleton.pdb
D:\C++\HeapOfStones winAPI\Debug\vc110.pdb
D:\C++\HeapOfStones winAPI\.\Debug\Sceleton.exe
