Build started 09.12.2014 11:55:20.
     1>Project "D:\C++tasks\regular_expressions\Sceleton.vcxproj" on node 2 (Build target(s)).
     1>ClCompile:
         D:\VisualStudio\VC\bin\CL.exe /c /ZI /nologo /W3 /WX- /Od /Oy- /D WIN32 /D _DEBUG /D _WINDOWS /D _VC80_UPGRADE=0x0600 /D _MBCS /Gm /EHsc /RTC1 /MTd /GS /Gy- /fp:precise /Zc:wchar_t /Zc:forScope /Yc"stdafx.h" /Fp".\Debug\Sceleton.pch" /Fo".\Debug\\" /Fd".\Debug\vc110.pdb" /Gd /TP /analyze- /errorReport:prompt StdAfx.cpp
         StdAfx.cpp
     1>d:\c++tasks\regular_expressions\stdafx.cpp(67): warning C4996: 'strcpy': This function or variable may be unsafe. Consider using strcpy_s instead. To disable deprecation, use _CRT_SECURE_NO_WARNINGS. See online help for details.
                 d:\visualstudio\vc\include\string.h(110) : see declaration of 'strcpy'
     1>d:\c++tasks\regular_expressions\stdafx.cpp(126): warning C4996: 'strcpy': This function or variable may be unsafe. Consider using strcpy_s instead. To disable deprecation, use _CRT_SECURE_NO_WARNINGS. See online help for details.
                 d:\visualstudio\vc\include\string.h(110) : see declaration of 'strcpy'
     1>d:\c++tasks\regular_expressions\stdafx.cpp(135): warning C4996: 'strcat': This function or variable may be unsafe. Consider using strcat_s instead. To disable deprecation, use _CRT_SECURE_NO_WARNINGS. See online help for details.
                 d:\visualstudio\vc\include\string.h(115) : see declaration of 'strcat'
     1>d:\c++tasks\regular_expressions\stdafx.cpp(154): warning C4996: 'strcat': This function or variable may be unsafe. Consider using strcat_s instead. To disable deprecation, use _CRT_SECURE_NO_WARNINGS. See online help for details.
                 d:\visualstudio\vc\include\string.h(115) : see declaration of 'strcat'
         D:\VisualStudio\VC\bin\CL.exe /c /ZI /nologo /W3 /WX- /Od /Oy- /D WIN32 /D _DEBUG /D _WINDOWS /D _VC80_UPGRADE=0x0600 /D _MBCS /Gm /EHsc /RTC1 /MTd /GS /Gy- /fp:precise /Zc:wchar_t /Zc:forScope /Yu"stdafx.h" /Fp".\Debug\Sceleton.pch" /Fo".\Debug\\" /Fd".\Debug\vc110.pdb" /Gd /TP /analyze- /errorReport:prompt Sceleton.cpp
         Skipping... (no relevant changes detected)
         Sceleton.cpp
       Link:
         D:\VisualStudio\VC\bin\link.exe /ERRORREPORT:PROMPT /OUT:".\Debug\Sceleton.exe" /INCREMENTAL /NOLOGO odbc32.lib odbccp32.lib comctl32.lib kernel32.lib user32.lib gdi32.lib winspool.lib comdlg32.lib advapi32.lib shell32.lib ole32.lib oleaut32.lib uuid.lib odbc32.lib odbccp32.lib /MANIFEST /MANIFESTUAC:"level='asInvoker' uiAccess='false'" /manifest:embed /DEBUG /PDB:".\Debug\Sceleton.pdb" /SUBSYSTEM:WINDOWS /TLBID:1 /DYNAMICBASE /NXCOMPAT /IMPLIB:".\Debug\Sceleton.lib" /MACHINE:X86 /SAFESEH .\Debug\Sceleton.res
         .\Debug\Sceleton.obj
         .\Debug\StdAfx.obj
     1>Sceleton.obj : warning LNK4075: ignoring '/EDITANDCONTINUE' due to '/SAFESEH' specification
         Sceleton.vcxproj -> D:\C++tasks\regular_expressions\.\Debug\Sceleton.exe
     1>Done Building Project "D:\C++tasks\regular_expressions\Sceleton.vcxproj" (Build target(s)).

Build succeeded.

Time Elapsed 00:00:06.68
