D:\REGULAR_EXPRESSIONS\DEBUG\SCELETON.PCH
D:\REGULAR_EXPRESSIONS\DEBUG\STDAFX.OBJ
D:\REGULAR_EXPRESSIONS\DEBUG\VC110.PDB
D:\REGULAR_EXPRESSIONS\DEBUG\SCELETON.OBJ
D:\REGULAR_EXPRESSIONS\DEBUG\SCELETON.ILK
D:\REGULAR_EXPRESSIONS\DEBUG\SCELETON.EXE
D:\REGULAR_EXPRESSIONS\DEBUG\SCELETON.PDB
D:\regular_expressions\Debug\Sceleton.obj
D:\regular_expressions\Debug\StdAfx.obj
D:\regular_expressions\Debug\Sceleton.ilk
D:\regular_expressions\Debug\cl.command.1.tlog
D:\regular_expressions\Debug\CL.read.1.tlog
D:\regular_expressions\Debug\CL.write.1.tlog
D:\regular_expressions\Debug\link-cvtres.read.1.tlog
D:\regular_expressions\Debug\link-cvtres.write.1.tlog
D:\regular_expressions\Debug\link-rc.read.1.tlog
D:\regular_expressions\Debug\link-rc.write.1.tlog
D:\regular_expressions\Debug\link.4960-cvtres.read.1.tlog
D:\regular_expressions\Debug\link.4960-cvtres.write.1.tlog
D:\regular_expressions\Debug\link.4960-rc.read.1.tlog
D:\regular_expressions\Debug\link.4960-rc.write.1.tlog
D:\regular_expressions\Debug\link.4960.read.1.tlog
D:\regular_expressions\Debug\link.4960.write.1.tlog
D:\regular_expressions\Debug\link.command.1.tlog
D:\regular_expressions\Debug\link.read.1.tlog
D:\regular_expressions\Debug\link.write.1.tlog
D:\regular_expressions\Debug\Sceleton.pch
D:\regular_expressions\Debug\vc110.idb
D:\regular_expressions\Debug\Sceleton.pdb
D:\regular_expressions\Debug\vc110.pdb
D:\regular_expressions\.\Debug\Sceleton.exe
